<?xml version="1.0" encoding="UTF-8"?>
<!-- Generated by org.testng.reporters.JUnitReportReporter -->
<testsuite skipped="0" hostname="DESKTOP-KFC89GU" name="MyFramwork.Facebook.FbSignInTest" tests="1" failures="0" timestamp="2020-07-17T22:49:02 EDT" time="10.388" errors="0">
  <testcase name="basePageNavigation" time="10.388" classname="MyFramwork.Facebook.FbSignInTest"/>
  <system-out/>
</testsuite> <!-- MyFramwork.Facebook.FbSignInTest -->
